<?xml version="1.0" encoding="utf-8"?><testsuites name="pytest tests"><testsuite name="pytest" errors="0" failures="0" skipped="0" tests="14" time="13.821" timestamp="2026-07-23T15:08:14.197877+00:00" hostname="agent-env-46b8a32b-e08b-49a6-9f2e-cc3e73c6c66e"><testcase classname="backend.tests.test_zigbee_pairing.TestZigbeeStatus" name="test_status_shape" time="0.241" /><testcase classname="backend.tests.test_zigbee_pairing.TestZigbeeStatus" name="test_status_simulator_mode" time="0.062" /><testcase classname="backend.tests.test_zigbee_pairing.TestZigbeeStatus" name="test_status_device_count_matches_devices" time="0.113" /><testcase classname="backend.tests.test_zigbee_pairing.TestPermitJoin" name="test_permit_join_start" time="0.110" /><testcase classname="backend.tests.test_zigbee_pairing.TestPermitJoin" name="test_permit_join_stop" time="0.173" /><testcase classname="backend.tests.test_zigbee_pairing.TestPermitJoin" name="test_permit_join_watchdog_expires" time="12.171" /><testcase classname="backend.tests.test_zigbee_pairing.TestBrokerTest" name="test_broker_test_shape" time="0.056" /><testcase classname="backend.tests.test_zigbee_pairing.TestBrokerTest" name="test_broker_test_hint_mentions_env_when_disconnected" time="0.058" /><testcase classname="backend.tests.test_zigbee_pairing.TestZigbeeDevices" name="test_list_devices_has_battery_lqi_columns" time="0.056" /><testcase classname="backend.tests.test_zigbee_pairing.TestZigbeeDevices" name="test_update_device_friendly_name_and_role" time="0.243" /><testcase classname="backend.tests.test_zigbee_pairing.TestZigbeeDevices" name="test_delete_device_and_404_on_missing" time="0.231" /><testcase classname="backend.tests.test_zigbee_pairing.TestRegressions" name="test_dashboard_summary_has_pump_maintenance_widgets" time="0.065" /><testcase classname="backend.tests.test_zigbee_pairing.TestRegressions" name="test_system_wifi" time="0.055" /><testcase classname="backend.tests.test_zigbee_pairing.TestRegressions" name="test_push_test" time="0.120" /></testsuite></testsuites>