<?xml version="1.0" encoding="utf-8"?><testsuites name="pytest tests"><testsuite name="pytest" errors="0" failures="0" skipped="0" tests="15" time="5.877" timestamp="2026-07-22T22:41:25.626290+00:00" hostname="agent-env-46b8a32b-e08b-49a6-9f2e-cc3e73c6c66e"><testcase classname="backend.tests.test_maintenance_and_journal.TestMaintenance" name="test_01_defaults_present" time="0.307" /><testcase classname="backend.tests.test_maintenance_and_journal.TestMaintenance" name="test_02_create_task" time="0.108" /><testcase classname="backend.tests.test_maintenance_and_journal.TestMaintenance" name="test_03_update_task" time="0.107" /><testcase classname="backend.tests.test_maintenance_and_journal.TestMaintenance" name="test_04_toggle_enabled" time="0.156" /><testcase classname="backend.tests.test_maintenance_and_journal.TestMaintenance" name="test_05_mark_done_resets_timer" time="0.111" /><testcase classname="backend.tests.test_maintenance_and_journal.TestMaintenance" name="test_06_dashboard_summary_has_maintenance" time="0.061" /><testcase classname="backend.tests.test_maintenance_and_journal.TestMaintenance" name="test_07_delete_task" time="0.106" /><testcase classname="backend.tests.test_maintenance_and_journal.TestMaintenance" name="test_08_update_missing_returns_404" time="0.050" /><testcase classname="backend.tests.test_maintenance_and_journal.TestMaintenance" name="test_09_done_missing_returns_404" time="0.047" /><testcase classname="backend.tests.test_maintenance_and_journal.TestMaintenance" name="test_10_create_without_name_returns_400" time="0.055" /><testcase classname="backend.tests.test_maintenance_and_journal.TestEventsEnrichment" name="test_01_events_shape_has_new_fields" time="0.059" /><testcase classname="backend.tests.test_maintenance_and_journal.TestEventsEnrichment" name="test_02_new_events_have_water_temp" time="1.516" /><testcase classname="backend.tests.test_maintenance_and_journal.TestEventsEnrichment" name="test_03_duration_computed_for_off" time="3.017" /><testcase classname="backend.tests.test_maintenance_and_journal.TestEventsEnrichment" name="test_04_duration_null_for_on_events" time="0.057" /><testcase classname="backend.tests.test_maintenance_and_journal.TestEventsEnrichment" name="test_05_filter_by_equipment_id" time="0.053" /></testsuite></testsuites>