<?xml version="1.0" encoding="utf-8"?><testsuites name="pytest tests"><testsuite name="pytest" errors="0" failures="0" skipped="0" tests="17" time="3.078" timestamp="2026-07-21T19:57:37.215967+00:00" hostname="agent-env-46b8a32b-e08b-49a6-9f2e-cc3e73c6c66e"><testcase classname="backend.tests.test_pool_kiosk.TestDashboard" name="test_summary_structure" time="0.365" /><testcase classname="backend.tests.test_pool_kiosk.TestSensors" name="test_latest_6_metrics" time="0.055" /><testcase classname="backend.tests.test_pool_kiosk.TestSensors" name="test_history_temp_24h" time="0.072" /><testcase classname="backend.tests.test_pool_kiosk.TestEquipment" name="test_toggle_filtration_and_verify" time="0.180" /><testcase classname="backend.tests.test_pool_kiosk.TestSchedule" name="test_add_and_delete" time="0.261" /><testcase classname="backend.tests.test_pool_kiosk.TestSettings" name="test_update_and_get" time="0.185" /><testcase classname="backend.tests.test_pool_kiosk.TestWidgets" name="test_bulk_update_disable" time="0.252" /><testcase classname="backend.tests.test_pool_kiosk.TestAlerts" name="test_get_alerts_returns_array" time="0.060" /><testcase classname="backend.tests.test_pool_kiosk.TestSystem" name="test_status" time="0.071" /><testcase classname="backend.tests.test_pool_kiosk.TestZigbee" name="test_list_9_seeded_devices" time="0.060" /><testcase classname="backend.tests.test_pool_kiosk.TestZigbee" name="test_update_assigned_role" time="0.246" /><testcase classname="backend.tests.test_pool_kiosk.TestZigbee" name="test_update_friendly_name" time="0.259" /><testcase classname="backend.tests.test_pool_kiosk.TestZigbee" name="test_update_nonexistent_returns_404" time="0.059" /><testcase classname="backend.tests.test_pool_kiosk.TestZigbee" name="test_rescan_returns_devices" time="0.059" /><testcase classname="backend.tests.test_pool_kiosk.TestCoupling" name="test_elec_cannot_start_without_pump" time="0.178" /><testcase classname="backend.tests.test_pool_kiosk.TestCoupling" name="test_elec_starts_when_pump_on" time="0.203" /><testcase classname="backend.tests.test_pool_kiosk.TestCoupling" name="test_stopping_pump_also_stops_elec_and_creates_info_alert" time="0.382" /></testsuite></testsuites>