<?xml version="1.0" encoding="utf-8"?><testsuites name="pytest tests"><testsuite name="pytest" errors="0" failures="0" skipped="0" tests="7" time="4.105" timestamp="2026-07-21T21:18:21.807667+00:00" hostname="agent-env-46b8a32b-e08b-49a6-9f2e-cc3e73c6c66e"><testcase classname="backend.tests.test_equipment_events.TestEquipmentEvents" name="test_01_initial_state" time="0.312" /><testcase classname="backend.tests.test_equipment_events.TestEquipmentEvents" name="test_02_toggle_filtration_off_creates_user_event" time="0.652" /><testcase classname="backend.tests.test_equipment_events.TestEquipmentEvents" name="test_03_coupling_stops_electrolyseur" time="0.921" /><testcase classname="backend.tests.test_equipment_events.TestEquipmentEvents" name="test_04_filter_by_equipment_id" time="0.693" /><testcase classname="backend.tests.test_equipment_events.TestEquipmentEvents" name="test_05_limit_param" time="0.046" /><testcase classname="backend.tests.test_equipment_events.TestEquipmentEvents" name="test_06_electrolyseur_without_pump_returns_409_no_event" time="0.742" /><testcase classname="backend.tests.test_equipment_events.TestEquipmentEvents" name="test_07_noop_toggle_does_not_log" time="0.689" /></testsuite></testsuites>