<?xml version="1.0" encoding="utf-8"?><testsuites name="pytest tests"><testsuite name="pytest" errors="0" failures="0" skipped="0" tests="9" time="3.320" timestamp="2026-07-23T14:32:12.968116+00:00" hostname="agent-env-46b8a32b-e08b-49a6-9f2e-cc3e73c6c66e"><testcase classname="backend.tests.test_push_notifications.TestHealth" name="test_system_status" time="0.330" /><testcase classname="backend.tests.test_push_notifications.TestHealth" name="test_dashboard_regression" time="0.051" /><testcase classname="backend.tests.test_push_notifications.TestRegisterPush" name="test_register_saves_locally_and_returns_201" time="0.106" /><testcase classname="backend.tests.test_push_notifications.TestRegisterPush" name="test_register_is_idempotent_upsert" time="0.206" /><testcase classname="backend.tests.test_push_notifications.TestPushTest" name="test_push_test_returns_ok_and_recipients" time="0.126" /><testcase classname="backend.tests.test_push_notifications.TestMaintenanceNotifiedField" name="test_get_maintenance_includes_notified_at" time="0.050" /><testcase classname="backend.tests.test_push_notifications.TestMaintenanceNotifiedField" name="test_mark_done_clears_notified_at" time="0.245" /><testcase classname="backend.tests.test_push_notifications.TestPushBgTriggers" name="test_filtration_toggle_triggers_push_bg" time="1.754" /><testcase classname="backend.tests.test_push_notifications.TestPushBgTriggers" name="test_create_alert_triggers_push_bg" time="0.335" /></testsuite></testsuites>