<?xml version="1.0" encoding="utf-8"?><testsuites name="pytest tests"><testsuite name="pytest" errors="0" failures="0" skipped="0" tests="9" time="1.231" timestamp="2026-07-21T17:14:55.620992+00:00" hostname="agent-env-46b8a32b-e08b-49a6-9f2e-cc3e73c6c66e"><testcase classname="backend.tests.test_pool_kiosk.TestDashboard" name="test_summary_structure" time="0.220" /><testcase classname="backend.tests.test_pool_kiosk.TestSensors" name="test_latest_6_metrics" time="0.048" /><testcase classname="backend.tests.test_pool_kiosk.TestSensors" name="test_history_temp_24h" time="0.065" /><testcase classname="backend.tests.test_pool_kiosk.TestEquipment" name="test_toggle_filtration_and_verify" time="0.144" /><testcase classname="backend.tests.test_pool_kiosk.TestSchedule" name="test_add_and_delete" time="0.187" /><testcase classname="backend.tests.test_pool_kiosk.TestSettings" name="test_update_and_get" time="0.141" /><testcase classname="backend.tests.test_pool_kiosk.TestWidgets" name="test_bulk_update_disable" time="0.195" /><testcase classname="backend.tests.test_pool_kiosk.TestAlerts" name="test_get_alerts_returns_array" time="0.061" /><testcase classname="backend.tests.test_pool_kiosk.TestSystem" name="test_status" time="0.049" /></testsuite></testsuites>