<?xml version="1.0" encoding="utf-8"?><testsuites name="pytest tests"><testsuite name="pytest" errors="0" failures="0" skipped="0" tests="8" time="1.829" timestamp="2026-07-21T21:27:09.609897+00:00" hostname="agent-env-46b8a32b-e08b-49a6-9f2e-cc3e73c6c66e"><testcase classname="backend.tests.test_update_endpoints.TestUpdateStatus" name="test_status_shape" time="0.488" /><testcase classname="backend.tests.test_update_endpoints.TestUpdateOnline" name="test_online_starts_then_fails_in_preview" time="0.302" /><testcase classname="backend.tests.test_update_endpoints.TestUpdateLock" name="test_second_online_returns_409" time="0.359" /><testcase classname="backend.tests.test_update_endpoints.TestUpdateUsb" name="test_usb_starts_then_fails" time="0.321" /><testcase classname="backend.tests.test_update_endpoints.TestExitKiosk" name="test_exit_kiosk_returns_ok" time="0.076" /><testcase classname="backend.tests.test_update_endpoints.TestRegression" name="test_dashboard_summary_still_works" time="0.078" /><testcase classname="backend.tests.test_update_endpoints.TestRegression" name="test_sensors_latest_still_works" time="0.080" /><testcase classname="backend.tests.test_update_endpoints.TestRegression" name="test_equipment_still_works" time="0.073" /></testsuite></testsuites>