<?xml version="1.0" encoding="utf-8"?><testsuites name="pytest tests"><testsuite name="pytest" errors="0" failures="0" skipped="0" tests="8" time="1.255" timestamp="2026-07-22T22:21:38.364974+00:00" hostname="agent-env-46b8a32b-e08b-49a6-9f2e-cc3e73c6c66e"><testcase classname="backend.tests.test_pump_features.TestDashboardPump" name="test_dashboard_summary_has_pump" time="0.283" /><testcase classname="backend.tests.test_pump_features.TestDashboardPump" name="test_pump_runtime_same_shape" time="0.052" /><testcase classname="backend.tests.test_pump_features.TestManualOverride" name="test_toggle_pump_sets_manual_override" time="0.236" /><testcase classname="backend.tests.test_pump_features.TestManualOverride" name="test_clear_override_returns_ok_and_clears_flag" time="0.117" /><testcase classname="backend.tests.test_pump_features.TestAutoApply" name="test_auto_apply_returns_hours_slots_and_persists" time="0.194" /><testcase classname="backend.tests.test_pump_features.TestRegression" name="test_wifi_endpoint" time="0.047" /><testcase classname="backend.tests.test_pump_features.TestRegression" name="test_history_endpoint" time="0.092" /><testcase classname="backend.tests.test_pump_features.TestRegression" name="test_history_24h" time="0.074" /></testsuite></testsuites>