<?xml version="1.0" encoding="utf-8"?><testsuites name="pytest tests"><testsuite name="pytest" errors="0" failures="1" skipped="0" tests="17" time="2.692" timestamp="2026-07-20T20:47:08.992056+00:00" hostname="agent-env-46b8a32b-e08b-49a6-9f2e-cc3e73c6c66e"><testcase classname="backend.tests.test_pool_kiosk.TestDashboard" name="test_summary_structure" time="0.300" /><testcase classname="backend.tests.test_pool_kiosk.TestSensors" name="test_latest_6_metrics" time="0.072" /><testcase classname="backend.tests.test_pool_kiosk.TestSensors" name="test_history_temp_24h" time="0.113" /><testcase classname="backend.tests.test_pool_kiosk.TestEquipment" name="test_toggle_filtration_and_verify" time="0.209" /><testcase classname="backend.tests.test_pool_kiosk.TestSchedule" name="test_add_and_delete" time="0.346" /><testcase classname="backend.tests.test_pool_kiosk.TestSettings" name="test_update_and_get" time="0.199" /><testcase classname="backend.tests.test_pool_kiosk.TestWidgets" name="test_bulk_update_disable" time="0.296" /><testcase classname="backend.tests.test_pool_kiosk.TestAlerts" name="test_get_alerts_returns_array" time="0.067" /><testcase classname="backend.tests.test_pool_kiosk.TestSystem" name="test_status" time="0.067" /><testcase classname="backend.tests.test_update_endpoints.TestUpdateStatus" name="test_status_shape" time="0.103" /><testcase classname="backend.tests.test_update_endpoints.TestUpdateOnline" name="test_online_starts_then_fails_in_preview" time="0.133" /><testcase classname="backend.tests.test_update_endpoints.TestUpdateLock" name="test_second_online_returns_409" time="0.342"><failure message="AssertionError: expected 409 lock on concurrent call, got [200, 200]. BUG: lock uses file marker that can race; use asyncio.Lock instead.&#10;assert 409 in [200, 200]">E   AssertionError: expected 409 lock on concurrent call, got [200, 200]. BUG: lock uses file marker that can race; use asyncio.Lock instead.
    assert 409 in [200, 200]</failure></testcase><testcase classname="backend.tests.test_update_endpoints.TestUpdateUsb" name="test_usb_starts_then_fails" time="0.161" /><testcase classname="backend.tests.test_update_endpoints.TestExitKiosk" name="test_exit_kiosk_returns_ok" time="0.043" /><testcase classname="backend.tests.test_update_endpoints.TestRegression" name="test_dashboard_summary_still_works" time="0.053" /><testcase classname="backend.tests.test_update_endpoints.TestRegression" name="test_sensors_latest_still_works" time="0.048" /><testcase classname="backend.tests.test_update_endpoints.TestRegression" name="test_equipment_still_works" time="0.054" /></testsuite></testsuites>