<?xml version="1.0" encoding="utf-8"?><testsuites name="pytest tests"><testsuite name="pytest" errors="0" failures="1" skipped="0" tests="8" time="1.065" timestamp="2026-07-20T20:46:24.406259+00:00" hostname="agent-env-46b8a32b-e08b-49a6-9f2e-cc3e73c6c66e"><testcase classname="backend.tests.test_update_endpoints.TestUpdateStatus" name="test_status_shape" time="0.171" /><testcase classname="backend.tests.test_update_endpoints.TestUpdateOnline" name="test_online_starts_then_fails_in_preview" time="0.183" /><testcase classname="backend.tests.test_update_endpoints.TestUpdateLock" name="test_second_online_returns_409" time="0.250"><failure message="AssertionError: one call should return 409 lock, got [200, 200]&#10;assert 409 in [200, 200]">backend/tests/test_update_endpoints.py:86: in test_second_online_returns_409
    assert 409 in results, f"one call should return 409 lock, got {results}"
E   AssertionError: one call should return 409 lock, got [200, 200]
E   assert 409 in [200, 200]</failure></testcase><testcase classname="backend.tests.test_update_endpoints.TestUpdateUsb" name="test_usb_starts_then_fails" time="0.158" /><testcase classname="backend.tests.test_update_endpoints.TestExitKiosk" name="test_exit_kiosk_returns_ok" time="0.051" /><testcase classname="backend.tests.test_update_endpoints.TestRegression" name="test_dashboard_summary_still_works" time="0.063" /><testcase classname="backend.tests.test_update_endpoints.TestRegression" name="test_sensors_latest_still_works" time="0.054" /><testcase classname="backend.tests.test_update_endpoints.TestRegression" name="test_equipment_still_works" time="0.060" /></testsuite></testsuites>